<?xml version="1.0" encoding="UTF-8"?>
<testsuite name="junit.Junittest" tests="1" skipped="0" failures="0" errors="0" timestamp="2021-04-15T10:54:25" hostname="MRUNAL" time="0.03">
  <properties/>
  <testcase name="givenemail_Validation_Fails_ReturnFalse()" classname="junit.Junittest" time="0.03"/>
  <system-out><![CDATA[]]></system-out>
  <system-err><![CDATA[]]></system-err>
</testsuite>
